[2025-06-23 11:07:11] [REMOVE] Quarantined: antivirus_activity.log -> 20250623_110711_antivirus_activity.log
[2025-06-23 11:07:11] [ERROR] Failed to quarantine .\antivirus_activity.log: [WinError 183] Cannot create a file when that file already exists: '.\\antivirus_activity.log' -> 'odyssey_antivirus_quarantine\\20250623_110711_antivirus_activity.log'
[2025-06-23 11:07:11] [REMOVE] Quarantined: README.md -> 20250623_110711_README.md
[2025-06-23 11:07:11] [REMOVE] Quarantined: virus.py -> 20250623_110711_virus.py
[2025-06-23 11:07:11] [REMOVE] Quarantined: HEAD -> 20250623_110711_HEAD
[2025-06-23 11:07:11] [REMOVE] Quarantined: main -> 20250623_110711_main
[2025-06-23 11:08:25] [INFO] Using existing Odyssey quarantine: odyssey_antivirus_quarantine
[2025-06-23 11:08:25] [INFO] Starting comprehensive Odyssey virus scan...
[2025-06-23 11:08:25] [INFO] Focus: Encrypted files and virus artifacts
[2025-06-23 11:08:25] [INFO] Document format support:
[2025-06-23 11:08:25] [INFO]    Word (.docx): YES
[2025-06-23 11:08:25] [INFO]    PDF (.pdf): YES
[2025-06-23 11:08:25] [INFO]    Excel (.xlsx): YES
[2025-06-23 11:08:25] [INFO]    PowerPoint (.pptx): YES
[2025-06-23 11:08:25] [INFO] Scanning directory: .
[2025-06-23 11:08:25] [DETECT] Infected file detected: antivirus.py (5 indicators)
[2025-06-23 11:08:25] [DETECT] Virus signature detected: ODYSSEY_VIRUS_2025_NTC in antivirus.py
[2025-06-23 11:08:25] [DETECT] Encrypted content indicators: 21 found in antivirus.py
[2025-06-23 11:08:25] [DETECT] Virus signature detected: ODYSSEY_VIRUS_2025_NTC in antivirus_activity.log
[2025-06-23 11:08:25] [DETECT] Encrypted content indicators: 1 found in antivirus_activity.log
[2025-06-23 11:08:25] [DETECT] Infected file detected: virus.py (3 indicators)
[2025-06-23 11:08:25] [DETECT] Virus signature detected: ODYSSEY_VIRUS_2025_NTC in virus.py
[2025-06-23 11:08:25] [DETECT] Encrypted content indicators: 16 found in virus.py
[2025-06-23 11:08:31] [INFO] Scanning directory: odyssey_test_environment
[2025-06-23 11:08:31] [SUCCESS] Scan completed in 5.76 seconds
[2025-06-23 11:08:31] [INFO] Scan Statistics:
[2025-06-23 11:08:31] [INFO]    Files scanned: 4836
[2025-06-23 11:08:31] [INFO]    Encrypted files found: 12
[2025-06-23 11:08:31] [INFO]    Infected files found: 4
[2025-06-23 11:08:31] [INFO]    Artifacts found: 19
[2025-06-23 11:08:31] [INFO]    Threats detected: 8
[2025-06-23 11:21:25] [INFO] Using existing Odyssey quarantine: odyssey_antivirus_quarantine
[2025-06-23 11:21:25] [INFO] Starting comprehensive Odyssey virus scan...
[2025-06-23 11:21:25] [INFO] Focus: Encrypted files and virus artifacts
[2025-06-23 11:21:25] [INFO] Document format support:
[2025-06-23 11:21:25] [INFO]    Word (.docx): YES
[2025-06-23 11:21:25] [INFO]    PDF (.pdf): YES
[2025-06-23 11:21:25] [INFO]    Excel (.xlsx): YES
[2025-06-23 11:21:25] [INFO]    PowerPoint (.pptx): YES
[2025-06-23 11:21:25] [INFO] Scanning directory: .
[2025-06-23 11:21:25] [DETECT] Artifact filename pattern: odyssey_activity.log
[2025-06-23 11:21:25] [DETECT] Artifact filename pattern: .odyssey_infection_marker
[2025-06-23 11:21:25] [DETECT] Encrypted filename pattern: odyssey_encrypted_payload.dat
[2025-06-23 11:21:25] [DETECT] Artifact filename pattern: odyssey_encryption_manifest.json
[2025-06-23 11:21:25] [DETECT] Artifact filename pattern: odyssey_infection_manifest.json
[2025-06-23 11:21:25] [DETECT] Artifact filename pattern: sample.txt.backup
[2025-06-23 11:21:25] [DETECT] Encrypted filename pattern: sample_ODYSSEY_ENCRYPTED.txt
[2025-06-23 11:21:25] [DETECT] Virus artifact detected: .odyssey_infection_marker
[2025-06-23 11:21:25] [DETECT] Virus signature detected: ODYSSEY_VIRUS_2025_NTC in .odyssey_infection_marker
[2025-06-23 11:21:25] [DETECT] Encrypted content indicators: 3 found in .odyssey_infection_marker
[2025-06-23 11:21:25] [DETECT] Virus artifact detected: odyssey_encrypted_payload.dat
[2025-06-23 11:21:25] [DETECT] Virus signature detected: ODYSSEY_VIRUS_2025_NTC in odyssey_encrypted_payload.dat
[2025-06-23 11:21:25] [DETECT] Encrypted content indicators: 2 found in odyssey_encrypted_payload.dat
[2025-06-23 11:21:25] [DETECT] Virus artifact detected: odyssey_encryption_manifest.json
[2025-06-23 11:21:25] [DETECT] Virus signature detected: ODYSSEY_VIRUS_2025_NTC in odyssey_encryption_manifest.json
[2025-06-23 11:21:25] [DETECT] Encrypted content indicators: 1 found in odyssey_encryption_manifest.json
[2025-06-23 11:21:25] [DETECT] Virus artifact detected: odyssey_infection_manifest.json
[2025-06-23 11:21:25] [DETECT] Virus signature detected: ODYSSEY_VIRUS_2025_NTC in odyssey_infection_manifest.json
[2025-06-23 11:21:25] [DETECT] Encrypted content indicators: 1 found in odyssey_infection_manifest.json
[2025-06-23 11:21:25] [DETECT] Virus artifact detected: sample.txt.backup
[2025-06-23 11:21:25] [ENCRYPT] Found encrypted file: sample_ODYSSEY_ENCRYPTED.txt
[2025-06-23 11:21:25] [DETECT] Infected encrypted document: sample_ODYSSEY_ENCRYPTED.txt (Encrypted Text File)
[2025-06-23 11:21:25] [DETECT] Encrypted file detected: sample_ODYSSEY_ENCRYPTED.txt
[2025-06-23 11:21:25] [DETECT] Virus signature detected: ODYSSEY_VIRUS_2025_NTC in sample_ODYSSEY_ENCRYPTED.txt
[2025-06-23 11:21:25] [DETECT] Encrypted content indicators: 9 found in sample_ODYSSEY_ENCRYPTED.txt
[2025-06-23 11:21:25] [INFO] Scanning directory: odyssey_test_environment
[2025-06-23 11:21:25] [DETECT] Artifact filename pattern: .odyssey_infection_marker
[2025-06-23 11:21:25] [DETECT] Encrypted filename pattern: odyssey_encrypted_payload.dat
[2025-06-23 11:21:25] [DETECT] Artifact filename pattern: odyssey_encryption_manifest.json
[2025-06-23 11:21:25] [DETECT] Artifact filename pattern: odyssey_infection_manifest.json
[2025-06-23 11:21:25] [DETECT] Artifact filename pattern: sample.txt.backup
[2025-06-23 11:21:25] [DETECT] Encrypted filename pattern: sample_ODYSSEY_ENCRYPTED.txt
[2025-06-23 11:21:25] [DETECT] Virus artifact detected: .odyssey_infection_marker
[2025-06-23 11:21:25] [DETECT] Virus signature detected: ODYSSEY_VIRUS_2025_NTC in .odyssey_infection_marker
[2025-06-23 11:21:25] [DETECT] Encrypted content indicators: 3 found in .odyssey_infection_marker
[2025-06-23 11:21:25] [DETECT] Virus artifact detected: odyssey_encrypted_payload.dat
[2025-06-23 11:21:25] [DETECT] Virus signature detected: ODYSSEY_VIRUS_2025_NTC in odyssey_encrypted_payload.dat
[2025-06-23 11:21:25] [DETECT] Encrypted content indicators: 2 found in odyssey_encrypted_payload.dat
[2025-06-23 11:21:25] [DETECT] Virus artifact detected: odyssey_encryption_manifest.json
[2025-06-23 11:21:25] [DETECT] Virus signature detected: ODYSSEY_VIRUS_2025_NTC in odyssey_encryption_manifest.json
[2025-06-23 11:21:25] [DETECT] Encrypted content indicators: 1 found in odyssey_encryption_manifest.json
[2025-06-23 11:21:25] [DETECT] Virus artifact detected: odyssey_infection_manifest.json
[2025-06-23 11:21:25] [DETECT] Virus signature detected: ODYSSEY_VIRUS_2025_NTC in odyssey_infection_manifest.json
[2025-06-23 11:21:25] [DETECT] Encrypted content indicators: 1 found in odyssey_infection_manifest.json
[2025-06-23 11:21:25] [DETECT] Virus artifact detected: sample.txt.backup
[2025-06-23 11:21:25] [ENCRYPT] Found encrypted file: sample_ODYSSEY_ENCRYPTED.txt
[2025-06-23 11:21:26] [DETECT] Infected encrypted document: sample_ODYSSEY_ENCRYPTED.txt (Encrypted Text File)
[2025-06-23 11:21:26] [DETECT] Encrypted file detected: sample_ODYSSEY_ENCRYPTED.txt
[2025-06-23 11:21:26] [DETECT] Virus signature detected: ODYSSEY_VIRUS_2025_NTC in sample_ODYSSEY_ENCRYPTED.txt
[2025-06-23 11:21:26] [DETECT] Encrypted content indicators: 9 found in sample_ODYSSEY_ENCRYPTED.txt
[2025-06-23 11:21:26] [DETECT] Odyssey infection marker found - analyzing...
[2025-06-23 11:21:26] [INFO]    Virus Signature: ODYSSEY_VIRUS_2025_NTC
[2025-06-23 11:21:26] [INFO]    Virus Version: 2.1_EDUCATIONAL
[2025-06-23 11:21:26] [INFO]    Infection Time: 2025-06-23T11:19:37.918759
[2025-06-23 11:21:26] [INFO]    Behavior: File replacement simulation
[2025-06-23 11:21:26] [INFO]    Files Processed: 1
[2025-06-23 11:21:26] [INFO]    Files Replaced: 1
[2025-06-23 11:21:26] [INFO]    Encryption Operations: 1
[2025-06-23 11:21:26] [INFO]    Document Types Infected: ['.txt']
[2025-06-23 11:21:26] [INFO]    Original Files Deleted: True
[2025-06-23 11:21:26] [INFO]    File Replacement: True
[2025-06-23 11:21:26] [CRYPTO] Analyzing Odyssey encrypted payload...
[2025-06-23 11:21:26] [SUCCESS] Successfully decrypted Odyssey virus payload:
[2025-06-23 11:21:26] [INFO]    Virus Name: Odyssey Virus
[2025-06-23 11:21:26] [INFO]    Version: 2.1_EDUCATIONAL
[2025-06-23 11:21:26] [INFO]    Institution: National Teachers College
[2025-06-23 11:21:26] [INFO]    Behavioral Changes:
[2025-06-23 11:21:26] [INFO]      File Deletion: True
[2025-06-23 11:21:26] [INFO]      File Replacement: True
[2025-06-23 11:21:26] [INFO]      Realistic Simulation: True
[2025-06-23 11:21:26] [INFO]    Files Replaced: 1
[2025-06-23 11:21:26] [SUCCESS] Scan completed in 0.99 seconds
[2025-06-23 11:21:26] [INFO] Scan Statistics:
[2025-06-23 11:21:26] [INFO]    Files scanned: 12
[2025-06-23 11:21:26] [INFO]    Encrypted files found: 2
[2025-06-23 11:21:26] [INFO]    Infected files found: 0
[2025-06-23 11:21:26] [INFO]    Artifacts found: 10
[2025-06-23 11:21:26] [INFO]    Threats detected: 47
[2025-06-23 11:21:58] [REMOVE] Starting comprehensive Odyssey virus removal...
[2025-06-23 11:21:58] [REMOVE] Focus: Encrypted file recovery and artifact cleanup
[2025-06-23 11:21:58] [INFO] Step 1: Processing infection manifest and cleaning infected files...
[2025-06-23 11:37:13] [INFO] Using existing Odyssey quarantine: odyssey_antivirus_quarantine
[2025-06-23 11:37:13] [INFO] Starting comprehensive Odyssey virus scan...
[2025-06-23 11:37:13] [INFO] Focus: Encrypted files and virus artifacts
[2025-06-23 11:37:13] [INFO] Document format support:
[2025-06-23 11:37:13] [INFO]    Word (.docx): YES
[2025-06-23 11:37:13] [INFO]    PDF (.pdf): YES
[2025-06-23 11:37:13] [INFO]    Excel (.xlsx): YES
[2025-06-23 11:37:13] [INFO]    PowerPoint (.pptx): YES
[2025-06-23 11:37:13] [INFO] Scanning directory: .
[2025-06-23 11:37:13] [DETECT] Artifact filename pattern: odyssey_activity.log
[2025-06-23 11:37:13] [DETECT] Artifact filename pattern: .odyssey_infection_marker
[2025-06-23 11:37:13] [DETECT] Encrypted filename pattern: odyssey_encrypted_payload.dat
[2025-06-23 11:37:13] [DETECT] Artifact filename pattern: odyssey_encryption_manifest.json
[2025-06-23 11:37:13] [DETECT] Artifact filename pattern: odyssey_infection_manifest.json
[2025-06-23 11:37:13] [DETECT] Artifact filename pattern: sample.txt.backup
[2025-06-23 11:37:13] [DETECT] Encrypted filename pattern: sample_ODYSSEY_ENCRYPTED.txt
[2025-06-23 11:37:14] [DETECT] Virus artifact detected: .odyssey_infection_marker
[2025-06-23 11:37:14] [DETECT] Virus signature detected: ODYSSEY_VIRUS_2025_NTC in .odyssey_infection_marker
[2025-06-23 11:37:14] [DETECT] Encrypted content indicators: 3 found in .odyssey_infection_marker
[2025-06-23 11:37:14] [DETECT] Virus artifact detected: odyssey_encrypted_payload.dat
[2025-06-23 11:37:14] [DETECT] Virus signature detected: ODYSSEY_VIRUS_2025_NTC in odyssey_encrypted_payload.dat
[2025-06-23 11:37:14] [DETECT] Encrypted content indicators: 2 found in odyssey_encrypted_payload.dat
[2025-06-23 11:37:14] [DETECT] Virus artifact detected: odyssey_encryption_manifest.json
[2025-06-23 11:37:14] [DETECT] Virus signature detected: ODYSSEY_VIRUS_2025_NTC in odyssey_encryption_manifest.json
[2025-06-23 11:37:14] [DETECT] Encrypted content indicators: 1 found in odyssey_encryption_manifest.json
[2025-06-23 11:37:14] [DETECT] Virus artifact detected: odyssey_infection_manifest.json
[2025-06-23 11:37:14] [DETECT] Virus signature detected: ODYSSEY_VIRUS_2025_NTC in odyssey_infection_manifest.json
[2025-06-23 11:37:14] [DETECT] Encrypted content indicators: 1 found in odyssey_infection_manifest.json
[2025-06-23 11:37:14] [DETECT] Virus artifact detected: sample.txt.backup
[2025-06-23 11:37:14] [ENCRYPT] Found encrypted file: sample_ODYSSEY_ENCRYPTED.txt
[2025-06-23 11:37:14] [DETECT] Infected encrypted document: sample_ODYSSEY_ENCRYPTED.txt (Encrypted Text File)
[2025-06-23 11:37:14] [DETECT] Encrypted file detected: sample_ODYSSEY_ENCRYPTED.txt
[2025-06-23 11:37:14] [DETECT] Virus signature detected: ODYSSEY_VIRUS_2025_NTC in sample_ODYSSEY_ENCRYPTED.txt
[2025-06-23 11:37:14] [DETECT] Encrypted content indicators: 9 found in sample_ODYSSEY_ENCRYPTED.txt
[2025-06-23 11:37:14] [INFO] Scanning directory: odyssey_test_environment
[2025-06-23 11:37:14] [DETECT] Artifact filename pattern: .odyssey_infection_marker
[2025-06-23 11:37:14] [DETECT] Encrypted filename pattern: odyssey_encrypted_payload.dat
[2025-06-23 11:37:14] [DETECT] Artifact filename pattern: odyssey_encryption_manifest.json
[2025-06-23 11:37:14] [DETECT] Artifact filename pattern: odyssey_infection_manifest.json
[2025-06-23 11:37:14] [DETECT] Artifact filename pattern: sample.txt.backup
[2025-06-23 11:37:14] [DETECT] Encrypted filename pattern: sample_ODYSSEY_ENCRYPTED.txt
[2025-06-23 11:37:14] [DETECT] Virus artifact detected: .odyssey_infection_marker
[2025-06-23 11:37:14] [DETECT] Virus signature detected: ODYSSEY_VIRUS_2025_NTC in .odyssey_infection_marker
[2025-06-23 11:37:14] [DETECT] Encrypted content indicators: 3 found in .odyssey_infection_marker
[2025-06-23 11:37:14] [DETECT] Virus artifact detected: odyssey_encrypted_payload.dat
[2025-06-23 11:37:14] [DETECT] Virus signature detected: ODYSSEY_VIRUS_2025_NTC in odyssey_encrypted_payload.dat
[2025-06-23 11:37:14] [DETECT] Encrypted content indicators: 2 found in odyssey_encrypted_payload.dat
[2025-06-23 11:37:14] [DETECT] Virus artifact detected: odyssey_encryption_manifest.json
[2025-06-23 11:37:14] [DETECT] Virus signature detected: ODYSSEY_VIRUS_2025_NTC in odyssey_encryption_manifest.json
[2025-06-23 11:37:14] [DETECT] Encrypted content indicators: 1 found in odyssey_encryption_manifest.json
[2025-06-23 11:37:14] [DETECT] Virus artifact detected: odyssey_infection_manifest.json
[2025-06-23 11:37:14] [DETECT] Virus signature detected: ODYSSEY_VIRUS_2025_NTC in odyssey_infection_manifest.json
[2025-06-23 11:37:14] [DETECT] Encrypted content indicators: 1 found in odyssey_infection_manifest.json
[2025-06-23 11:37:14] [DETECT] Virus artifact detected: sample.txt.backup
[2025-06-23 11:37:14] [ENCRYPT] Found encrypted file: sample_ODYSSEY_ENCRYPTED.txt
[2025-06-23 11:37:14] [DETECT] Infected encrypted document: sample_ODYSSEY_ENCRYPTED.txt (Encrypted Text File)
[2025-06-23 11:37:14] [DETECT] Encrypted file detected: sample_ODYSSEY_ENCRYPTED.txt
[2025-06-23 11:37:14] [DETECT] Virus signature detected: ODYSSEY_VIRUS_2025_NTC in sample_ODYSSEY_ENCRYPTED.txt
[2025-06-23 11:37:14] [DETECT] Encrypted content indicators: 9 found in sample_ODYSSEY_ENCRYPTED.txt
[2025-06-23 11:37:14] [DETECT] Odyssey infection marker found - analyzing...
[2025-06-23 11:37:14] [INFO]    Virus Signature: ODYSSEY_VIRUS_2025_NTC
[2025-06-23 11:37:14] [INFO]    Virus Version: 2.1_EDUCATIONAL
[2025-06-23 11:37:14] [INFO]    Infection Time: 2025-06-23T11:19:37.918759
[2025-06-23 11:37:14] [INFO]    Behavior: File replacement simulation
[2025-06-23 11:37:14] [INFO]    Files Processed: 1
[2025-06-23 11:37:14] [INFO]    Files Replaced: 1
[2025-06-23 11:37:14] [INFO]    Encryption Operations: 1
[2025-06-23 11:37:14] [INFO]    Document Types Infected: ['.txt']
[2025-06-23 11:37:14] [INFO]    Original Files Deleted: True
[2025-06-23 11:37:14] [INFO]    File Replacement: True
[2025-06-23 11:37:14] [CRYPTO] Analyzing Odyssey encrypted payload...
[2025-06-23 11:37:14] [SUCCESS] Successfully decrypted Odyssey virus payload:
[2025-06-23 11:37:14] [INFO]    Virus Name: Odyssey Virus
[2025-06-23 11:37:14] [INFO]    Version: 2.1_EDUCATIONAL
[2025-06-23 11:37:14] [INFO]    Institution: National Teachers College
[2025-06-23 11:37:14] [INFO]    Behavioral Changes:
[2025-06-23 11:37:14] [INFO]      File Deletion: True
[2025-06-23 11:37:14] [INFO]      File Replacement: True
[2025-06-23 11:37:14] [INFO]      Realistic Simulation: True
[2025-06-23 11:37:14] [INFO]    Files Replaced: 1
[2025-06-23 11:37:14] [SUCCESS] Scan completed in 1.09 seconds
[2025-06-23 11:37:14] [INFO] Scan Statistics:
[2025-06-23 11:37:14] [INFO]    Files scanned: 12
[2025-06-23 11:37:14] [INFO]    Encrypted files found: 2
[2025-06-23 11:37:14] [INFO]    Infected files found: 0
[2025-06-23 11:37:14] [INFO]    Artifacts found: 10
[2025-06-23 11:37:14] [INFO]    Threats detected: 47
[2025-06-23 11:37:18] [REMOVE] Starting comprehensive Odyssey virus removal...
[2025-06-23 11:37:18] [REMOVE] Focus: Encrypted file recovery and artifact cleanup
[2025-06-23 11:37:18] [INFO] Step 1: Processing infection manifest and cleaning infected files...
[2025-06-23 11:37:20] [INFO] Using existing Odyssey quarantine: odyssey_antivirus_quarantine
[2025-06-23 11:37:20] [INFO] Starting comprehensive Odyssey virus scan...
[2025-06-23 11:37:20] [INFO] Focus: Encrypted files and virus artifacts
[2025-06-23 11:37:20] [INFO] Document format support:
[2025-06-23 11:37:20] [INFO]    Word (.docx): YES
[2025-06-23 11:37:20] [INFO]    PDF (.pdf): YES
[2025-06-23 11:37:20] [INFO]    Excel (.xlsx): YES
[2025-06-23 11:37:20] [INFO]    PowerPoint (.pptx): YES
[2025-06-23 11:37:20] [INFO] Scanning directory: .
[2025-06-23 11:37:20] [DETECT] Artifact filename pattern: odyssey_activity.log
[2025-06-23 11:37:20] [DETECT] Artifact filename pattern: .odyssey_infection_marker
[2025-06-23 11:37:20] [DETECT] Encrypted filename pattern: odyssey_encrypted_payload.dat
[2025-06-23 11:37:20] [DETECT] Artifact filename pattern: odyssey_encryption_manifest.json
[2025-06-23 11:37:20] [DETECT] Artifact filename pattern: odyssey_infection_manifest.json
[2025-06-23 11:37:20] [DETECT] Artifact filename pattern: sample.txt.backup
[2025-06-23 11:37:20] [DETECT] Encrypted filename pattern: sample_ODYSSEY_ENCRYPTED.txt
[2025-06-23 11:37:21] [DETECT] Virus artifact detected: .odyssey_infection_marker
[2025-06-23 11:37:21] [DETECT] Virus signature detected: ODYSSEY_VIRUS_2025_NTC in .odyssey_infection_marker
[2025-06-23 11:37:21] [DETECT] Encrypted content indicators: 3 found in .odyssey_infection_marker
[2025-06-23 11:37:21] [DETECT] Virus artifact detected: odyssey_encrypted_payload.dat
[2025-06-23 11:37:21] [DETECT] Virus signature detected: ODYSSEY_VIRUS_2025_NTC in odyssey_encrypted_payload.dat
[2025-06-23 11:37:21] [DETECT] Encrypted content indicators: 2 found in odyssey_encrypted_payload.dat
[2025-06-23 11:37:21] [DETECT] Virus artifact detected: odyssey_encryption_manifest.json
[2025-06-23 11:37:21] [DETECT] Virus signature detected: ODYSSEY_VIRUS_2025_NTC in odyssey_encryption_manifest.json
[2025-06-23 11:37:21] [DETECT] Encrypted content indicators: 1 found in odyssey_encryption_manifest.json
[2025-06-23 11:37:21] [DETECT] Virus artifact detected: odyssey_infection_manifest.json
[2025-06-23 11:37:21] [DETECT] Virus signature detected: ODYSSEY_VIRUS_2025_NTC in odyssey_infection_manifest.json
[2025-06-23 11:37:21] [DETECT] Encrypted content indicators: 1 found in odyssey_infection_manifest.json
[2025-06-23 11:37:21] [DETECT] Virus artifact detected: sample.txt.backup
[2025-06-23 11:37:21] [ENCRYPT] Found encrypted file: sample_ODYSSEY_ENCRYPTED.txt
[2025-06-23 11:37:21] [DETECT] Infected encrypted document: sample_ODYSSEY_ENCRYPTED.txt (Encrypted Text File)
[2025-06-23 11:37:21] [DETECT] Encrypted file detected: sample_ODYSSEY_ENCRYPTED.txt
[2025-06-23 11:37:21] [DETECT] Virus signature detected: ODYSSEY_VIRUS_2025_NTC in sample_ODYSSEY_ENCRYPTED.txt
[2025-06-23 11:37:21] [DETECT] Encrypted content indicators: 9 found in sample_ODYSSEY_ENCRYPTED.txt
[2025-06-23 11:37:21] [INFO] Scanning directory: odyssey_test_environment
[2025-06-23 11:37:21] [DETECT] Artifact filename pattern: .odyssey_infection_marker
[2025-06-23 11:37:21] [DETECT] Encrypted filename pattern: odyssey_encrypted_payload.dat
[2025-06-23 11:37:21] [DETECT] Artifact filename pattern: odyssey_encryption_manifest.json
[2025-06-23 11:37:21] [DETECT] Artifact filename pattern: odyssey_infection_manifest.json
[2025-06-23 11:37:21] [DETECT] Artifact filename pattern: sample.txt.backup
[2025-06-23 11:37:21] [DETECT] Encrypted filename pattern: sample_ODYSSEY_ENCRYPTED.txt
[2025-06-23 11:37:21] [DETECT] Virus artifact detected: .odyssey_infection_marker
[2025-06-23 11:37:21] [DETECT] Virus signature detected: ODYSSEY_VIRUS_2025_NTC in .odyssey_infection_marker
[2025-06-23 11:37:21] [DETECT] Encrypted content indicators: 3 found in .odyssey_infection_marker
[2025-06-23 11:37:21] [DETECT] Virus artifact detected: odyssey_encrypted_payload.dat
[2025-06-23 11:37:21] [DETECT] Virus signature detected: ODYSSEY_VIRUS_2025_NTC in odyssey_encrypted_payload.dat
[2025-06-23 11:37:21] [DETECT] Encrypted content indicators: 2 found in odyssey_encrypted_payload.dat
[2025-06-23 11:37:21] [DETECT] Virus artifact detected: odyssey_encryption_manifest.json
[2025-06-23 11:37:21] [DETECT] Virus signature detected: ODYSSEY_VIRUS_2025_NTC in odyssey_encryption_manifest.json
[2025-06-23 11:37:21] [DETECT] Encrypted content indicators: 1 found in odyssey_encryption_manifest.json
[2025-06-23 11:37:21] [DETECT] Virus artifact detected: odyssey_infection_manifest.json
[2025-06-23 11:37:21] [DETECT] Virus signature detected: ODYSSEY_VIRUS_2025_NTC in odyssey_infection_manifest.json
[2025-06-23 11:37:21] [DETECT] Encrypted content indicators: 1 found in odyssey_infection_manifest.json
[2025-06-23 11:37:21] [DETECT] Virus artifact detected: sample.txt.backup
[2025-06-23 11:37:21] [ENCRYPT] Found encrypted file: sample_ODYSSEY_ENCRYPTED.txt
[2025-06-23 11:37:21] [DETECT] Infected encrypted document: sample_ODYSSEY_ENCRYPTED.txt (Encrypted Text File)
[2025-06-23 11:37:21] [DETECT] Encrypted file detected: sample_ODYSSEY_ENCRYPTED.txt
[2025-06-23 11:37:21] [DETECT] Virus signature detected: ODYSSEY_VIRUS_2025_NTC in sample_ODYSSEY_ENCRYPTED.txt
[2025-06-23 11:37:21] [DETECT] Encrypted content indicators: 9 found in sample_ODYSSEY_ENCRYPTED.txt
[2025-06-23 11:37:21] [DETECT] Odyssey infection marker found - analyzing...
[2025-06-23 11:37:21] [INFO]    Virus Signature: ODYSSEY_VIRUS_2025_NTC
[2025-06-23 11:37:21] [INFO]    Virus Version: 2.1_EDUCATIONAL
[2025-06-23 11:37:21] [INFO]    Infection Time: 2025-06-23T11:19:37.918759
[2025-06-23 11:37:21] [INFO]    Behavior: File replacement simulation
[2025-06-23 11:37:21] [INFO]    Files Processed: 1
[2025-06-23 11:37:21] [INFO]    Files Replaced: 1
[2025-06-23 11:37:21] [INFO]    Encryption Operations: 1
[2025-06-23 11:37:21] [INFO]    Document Types Infected: ['.txt']
[2025-06-23 11:37:21] [INFO]    Original Files Deleted: True
[2025-06-23 11:37:21] [INFO]    File Replacement: True
[2025-06-23 11:37:21] [CRYPTO] Analyzing Odyssey encrypted payload...
[2025-06-23 11:37:21] [SUCCESS] Successfully decrypted Odyssey virus payload:
[2025-06-23 11:37:21] [INFO]    Virus Name: Odyssey Virus
[2025-06-23 11:37:21] [INFO]    Version: 2.1_EDUCATIONAL
[2025-06-23 11:37:21] [INFO]    Institution: National Teachers College
[2025-06-23 11:37:21] [INFO]    Behavioral Changes:
[2025-06-23 11:37:21] [INFO]      File Deletion: True
[2025-06-23 11:37:21] [INFO]      File Replacement: True
[2025-06-23 11:37:21] [INFO]      Realistic Simulation: True
[2025-06-23 11:37:21] [INFO]    Files Replaced: 1
[2025-06-23 11:37:21] [SUCCESS] Scan completed in 1.02 seconds
[2025-06-23 11:37:21] [INFO] Scan Statistics:
[2025-06-23 11:37:21] [INFO]    Files scanned: 24
[2025-06-23 11:37:21] [INFO]    Encrypted files found: 4
[2025-06-23 11:37:21] [INFO]    Infected files found: 0
[2025-06-23 11:37:21] [INFO]    Artifacts found: 20
[2025-06-23 11:37:21] [INFO]    Threats detected: 47
[2025-06-23 11:37:42] [INFO] Using existing Odyssey quarantine: odyssey_antivirus_quarantine
[2025-06-23 11:37:42] [INFO] Starting comprehensive Odyssey virus scan...
[2025-06-23 11:37:42] [INFO] Focus: Encrypted files and virus artifacts
[2025-06-23 11:37:42] [INFO] Document format support:
[2025-06-23 11:37:42] [INFO]    Word (.docx): YES
[2025-06-23 11:37:42] [INFO]    PDF (.pdf): YES
[2025-06-23 11:37:42] [INFO]    Excel (.xlsx): YES
[2025-06-23 11:37:43] [INFO]    PowerPoint (.pptx): YES
[2025-06-23 11:37:43] [INFO] Scanning directory: .
[2025-06-23 11:37:43] [DETECT] Artifact filename pattern: odyssey_activity.log
[2025-06-23 11:37:43] [DETECT] Artifact filename pattern: .odyssey_infection_marker
[2025-06-23 11:37:43] [DETECT] Encrypted filename pattern: odyssey_encrypted_payload.dat
[2025-06-23 11:37:43] [DETECT] Artifact filename pattern: odyssey_encryption_manifest.json
[2025-06-23 11:37:43] [DETECT] Artifact filename pattern: odyssey_infection_manifest.json
[2025-06-23 11:37:43] [DETECT] Artifact filename pattern: sample.txt.backup
[2025-06-23 11:37:43] [DETECT] Encrypted filename pattern: sample_ODYSSEY_ENCRYPTED.txt
[2025-06-23 11:37:43] [DETECT] Virus artifact detected: .odyssey_infection_marker
[2025-06-23 11:37:43] [DETECT] Virus signature detected: ODYSSEY_VIRUS_2025_NTC in .odyssey_infection_marker
[2025-06-23 11:37:43] [DETECT] Encrypted content indicators: 3 found in .odyssey_infection_marker
[2025-06-23 11:37:43] [DETECT] Virus artifact detected: odyssey_encrypted_payload.dat
[2025-06-23 11:37:43] [DETECT] Virus signature detected: ODYSSEY_VIRUS_2025_NTC in odyssey_encrypted_payload.dat
[2025-06-23 11:37:43] [DETECT] Encrypted content indicators: 2 found in odyssey_encrypted_payload.dat
[2025-06-23 11:37:43] [DETECT] Virus artifact detected: odyssey_encryption_manifest.json
[2025-06-23 11:37:43] [DETECT] Virus signature detected: ODYSSEY_VIRUS_2025_NTC in odyssey_encryption_manifest.json
[2025-06-23 11:37:43] [DETECT] Encrypted content indicators: 1 found in odyssey_encryption_manifest.json
[2025-06-23 11:37:43] [DETECT] Virus artifact detected: odyssey_infection_manifest.json
[2025-06-23 11:37:43] [DETECT] Virus signature detected: ODYSSEY_VIRUS_2025_NTC in odyssey_infection_manifest.json
[2025-06-23 11:37:43] [DETECT] Encrypted content indicators: 1 found in odyssey_infection_manifest.json
[2025-06-23 11:37:43] [DETECT] Virus artifact detected: sample.txt.backup
[2025-06-23 11:37:43] [ENCRYPT] Found encrypted file: sample_ODYSSEY_ENCRYPTED.txt
[2025-06-23 11:37:43] [DETECT] Infected encrypted document: sample_ODYSSEY_ENCRYPTED.txt (Encrypted Text File)
[2025-06-23 11:37:43] [DETECT] Encrypted file detected: sample_ODYSSEY_ENCRYPTED.txt
[2025-06-23 11:37:43] [DETECT] Virus signature detected: ODYSSEY_VIRUS_2025_NTC in sample_ODYSSEY_ENCRYPTED.txt
[2025-06-23 11:37:43] [DETECT] Encrypted content indicators: 9 found in sample_ODYSSEY_ENCRYPTED.txt
[2025-06-23 11:37:43] [INFO] Scanning directory: odyssey_test_environment
[2025-06-23 11:37:43] [DETECT] Artifact filename pattern: .odyssey_infection_marker
[2025-06-23 11:37:43] [DETECT] Encrypted filename pattern: odyssey_encrypted_payload.dat
[2025-06-23 11:37:43] [DETECT] Artifact filename pattern: odyssey_encryption_manifest.json
[2025-06-23 11:37:43] [DETECT] Artifact filename pattern: odyssey_infection_manifest.json
[2025-06-23 11:37:43] [DETECT] Artifact filename pattern: sample.txt.backup
[2025-06-23 11:37:43] [DETECT] Encrypted filename pattern: sample_ODYSSEY_ENCRYPTED.txt
[2025-06-23 11:37:43] [DETECT] Virus artifact detected: .odyssey_infection_marker
[2025-06-23 11:37:43] [DETECT] Virus signature detected: ODYSSEY_VIRUS_2025_NTC in .odyssey_infection_marker
[2025-06-23 11:37:43] [DETECT] Encrypted content indicators: 3 found in .odyssey_infection_marker
[2025-06-23 11:37:43] [DETECT] Virus artifact detected: odyssey_encrypted_payload.dat
[2025-06-23 11:37:43] [DETECT] Virus signature detected: ODYSSEY_VIRUS_2025_NTC in odyssey_encrypted_payload.dat
[2025-06-23 11:37:43] [DETECT] Encrypted content indicators: 2 found in odyssey_encrypted_payload.dat
[2025-06-23 11:37:43] [DETECT] Virus artifact detected: odyssey_encryption_manifest.json
[2025-06-23 11:37:44] [DETECT] Virus signature detected: ODYSSEY_VIRUS_2025_NTC in odyssey_encryption_manifest.json
[2025-06-23 11:37:44] [DETECT] Encrypted content indicators: 1 found in odyssey_encryption_manifest.json
[2025-06-23 11:37:44] [DETECT] Virus artifact detected: odyssey_infection_manifest.json
[2025-06-23 11:37:44] [DETECT] Virus signature detected: ODYSSEY_VIRUS_2025_NTC in odyssey_infection_manifest.json
[2025-06-23 11:37:44] [DETECT] Encrypted content indicators: 1 found in odyssey_infection_manifest.json
[2025-06-23 11:37:44] [DETECT] Virus artifact detected: sample.txt.backup
[2025-06-23 11:37:44] [ENCRYPT] Found encrypted file: sample_ODYSSEY_ENCRYPTED.txt
[2025-06-23 11:37:44] [DETECT] Infected encrypted document: sample_ODYSSEY_ENCRYPTED.txt (Encrypted Text File)
[2025-06-23 11:37:44] [DETECT] Encrypted file detected: sample_ODYSSEY_ENCRYPTED.txt
[2025-06-23 11:37:44] [DETECT] Virus signature detected: ODYSSEY_VIRUS_2025_NTC in sample_ODYSSEY_ENCRYPTED.txt
[2025-06-23 11:37:44] [DETECT] Encrypted content indicators: 9 found in sample_ODYSSEY_ENCRYPTED.txt
[2025-06-23 11:37:44] [DETECT] Odyssey infection marker found - analyzing...
[2025-06-23 11:37:44] [INFO]    Virus Signature: ODYSSEY_VIRUS_2025_NTC
[2025-06-23 11:37:44] [INFO]    Virus Version: 2.1_EDUCATIONAL
[2025-06-23 11:37:44] [INFO]    Infection Time: 2025-06-23T11:19:37.918759
[2025-06-23 11:37:44] [INFO]    Behavior: File replacement simulation
[2025-06-23 11:37:44] [INFO]    Files Processed: 1
[2025-06-23 11:37:44] [INFO]    Files Replaced: 1
[2025-06-23 11:37:44] [INFO]    Encryption Operations: 1
[2025-06-23 11:37:44] [INFO]    Document Types Infected: ['.txt']
[2025-06-23 11:37:44] [INFO]    Original Files Deleted: True
[2025-06-23 11:37:44] [INFO]    File Replacement: True
[2025-06-23 11:37:44] [CRYPTO] Analyzing Odyssey encrypted payload...
[2025-06-23 11:37:44] [SUCCESS] Successfully decrypted Odyssey virus payload:
[2025-06-23 11:37:44] [INFO]    Virus Name: Odyssey Virus
[2025-06-23 11:37:44] [INFO]    Version: 2.1_EDUCATIONAL
[2025-06-23 11:37:44] [INFO]    Institution: National Teachers College
[2025-06-23 11:37:44] [INFO]    Behavioral Changes:
[2025-06-23 11:37:44] [INFO]      File Deletion: True
[2025-06-23 11:37:44] [INFO]      File Replacement: True
[2025-06-23 11:37:44] [INFO]      Realistic Simulation: True
[2025-06-23 11:37:44] [INFO]    Files Replaced: 1
[2025-06-23 11:37:44] [SUCCESS] Scan completed in 1.21 seconds
[2025-06-23 11:37:44] [INFO] Scan Statistics:
[2025-06-23 11:37:44] [INFO]    Files scanned: 12
[2025-06-23 11:37:44] [INFO]    Encrypted files found: 2
[2025-06-23 11:37:44] [INFO]    Infected files found: 0
[2025-06-23 11:37:44] [INFO]    Artifacts found: 10
[2025-06-23 11:37:44] [INFO]    Threats detected: 47
[2025-06-23 11:37:48] [REMOVE] Starting comprehensive Odyssey virus removal...
[2025-06-23 11:37:48] [REMOVE] Focus: Encrypted file recovery and artifact cleanup
[2025-06-23 11:37:48] [INFO] Step 1: Processing infection manifest and cleaning infected files...
[2025-06-23 11:49:35] [INFO] Using existing Odyssey quarantine: odyssey_antivirus_quarantine
[2025-06-23 11:49:35] [INFO] Starting comprehensive Odyssey virus scan...
[2025-06-23 11:49:35] [INFO] Focus: Encrypted files and virus artifacts
[2025-06-23 11:49:35] [INFO] Document format support:
[2025-06-23 11:49:35] [INFO]    Word (.docx): YES
[2025-06-23 11:49:35] [INFO]    PDF (.pdf): YES
[2025-06-23 11:49:35] [INFO]    Excel (.xlsx): YES
[2025-06-23 11:49:35] [INFO]    PowerPoint (.pptx): YES
[2025-06-23 11:49:35] [INFO] Scanning directory: .
[2025-06-23 11:49:35] [DETECT] Artifact filename pattern: odyssey_activity.log
[2025-06-23 11:49:36] [DETECT] Artifact filename pattern: .odyssey_infection_marker
[2025-06-23 11:49:36] [DETECT] Encrypted filename pattern: odyssey_encrypted_payload.dat
[2025-06-23 11:49:36] [DETECT] Artifact filename pattern: odyssey_encryption_manifest.json
[2025-06-23 11:49:36] [DETECT] Artifact filename pattern: odyssey_infection_manifest.json
[2025-06-23 11:49:36] [DETECT] Artifact filename pattern: sample.txt.backup
[2025-06-23 11:49:36] [DETECT] Encrypted filename pattern: sample_ODYSSEY_ENCRYPTED.txt
[2025-06-23 11:49:36] [DETECT] Virus artifact detected: .odyssey_infection_marker
[2025-06-23 11:49:36] [DETECT] Virus signature detected: ODYSSEY_VIRUS_2025_NTC in .odyssey_infection_marker
[2025-06-23 11:49:36] [DETECT] Encrypted content indicators: 3 found in .odyssey_infection_marker
[2025-06-23 11:49:36] [DETECT] Virus artifact detected: odyssey_encrypted_payload.dat
[2025-06-23 11:49:36] [DETECT] Virus signature detected: ODYSSEY_VIRUS_2025_NTC in odyssey_encrypted_payload.dat
[2025-06-23 11:49:36] [DETECT] Encrypted content indicators: 2 found in odyssey_encrypted_payload.dat
[2025-06-23 11:49:36] [DETECT] Virus artifact detected: odyssey_encryption_manifest.json
[2025-06-23 11:49:36] [DETECT] Virus signature detected: ODYSSEY_VIRUS_2025_NTC in odyssey_encryption_manifest.json
[2025-06-23 11:49:36] [DETECT] Encrypted content indicators: 1 found in odyssey_encryption_manifest.json
[2025-06-23 11:49:36] [DETECT] Virus artifact detected: odyssey_infection_manifest.json
[2025-06-23 11:49:36] [DETECT] Virus signature detected: ODYSSEY_VIRUS_2025_NTC in odyssey_infection_manifest.json
[2025-06-23 11:49:36] [DETECT] Encrypted content indicators: 1 found in odyssey_infection_manifest.json
[2025-06-23 11:49:36] [DETECT] Virus artifact detected: sample.txt.backup
[2025-06-23 11:49:36] [ENCRYPT] Found encrypted file: sample_ODYSSEY_ENCRYPTED.txt
[2025-06-23 11:49:36] [DETECT] Infected encrypted document: sample_ODYSSEY_ENCRYPTED.txt (Encrypted Text File)
[2025-06-23 11:49:36] [DETECT] Encrypted file detected: sample_ODYSSEY_ENCRYPTED.txt
[2025-06-23 11:49:36] [DETECT] Virus signature detected: ODYSSEY_VIRUS_2025_NTC in sample_ODYSSEY_ENCRYPTED.txt
[2025-06-23 11:49:36] [DETECT] Encrypted content indicators: 9 found in sample_ODYSSEY_ENCRYPTED.txt
[2025-06-23 11:49:36] [INFO] Scanning directory: odyssey_test_environment
[2025-06-23 11:49:36] [DETECT] Artifact filename pattern: .odyssey_infection_marker
[2025-06-23 11:49:36] [DETECT] Encrypted filename pattern: odyssey_encrypted_payload.dat
[2025-06-23 11:49:36] [DETECT] Artifact filename pattern: odyssey_encryption_manifest.json
[2025-06-23 11:49:36] [DETECT] Artifact filename pattern: odyssey_infection_manifest.json
[2025-06-23 11:49:36] [DETECT] Artifact filename pattern: sample.txt.backup
[2025-06-23 11:49:36] [DETECT] Encrypted filename pattern: sample_ODYSSEY_ENCRYPTED.txt
[2025-06-23 11:49:36] [DETECT] Virus artifact detected: .odyssey_infection_marker
[2025-06-23 11:49:36] [DETECT] Virus signature detected: ODYSSEY_VIRUS_2025_NTC in .odyssey_infection_marker
[2025-06-23 11:49:36] [DETECT] Encrypted content indicators: 3 found in .odyssey_infection_marker
[2025-06-23 11:49:36] [DETECT] Virus artifact detected: odyssey_encrypted_payload.dat
[2025-06-23 11:49:36] [DETECT] Virus signature detected: ODYSSEY_VIRUS_2025_NTC in odyssey_encrypted_payload.dat
[2025-06-23 11:49:36] [DETECT] Encrypted content indicators: 2 found in odyssey_encrypted_payload.dat
[2025-06-23 11:49:36] [DETECT] Virus artifact detected: odyssey_encryption_manifest.json
[2025-06-23 11:49:36] [DETECT] Virus signature detected: ODYSSEY_VIRUS_2025_NTC in odyssey_encryption_manifest.json
[2025-06-23 11:49:36] [DETECT] Encrypted content indicators: 1 found in odyssey_encryption_manifest.json
[2025-06-23 11:49:36] [DETECT] Virus artifact detected: odyssey_infection_manifest.json
[2025-06-23 11:49:36] [DETECT] Virus signature detected: ODYSSEY_VIRUS_2025_NTC in odyssey_infection_manifest.json
[2025-06-23 11:49:36] [DETECT] Encrypted content indicators: 1 found in odyssey_infection_manifest.json
[2025-06-23 11:49:36] [DETECT] Virus artifact detected: sample.txt.backup
[2025-06-23 11:49:36] [ENCRYPT] Found encrypted file: sample_ODYSSEY_ENCRYPTED.txt
[2025-06-23 11:49:36] [DETECT] Infected encrypted document: sample_ODYSSEY_ENCRYPTED.txt (Encrypted Text File)
[2025-06-23 11:49:36] [DETECT] Encrypted file detected: sample_ODYSSEY_ENCRYPTED.txt
[2025-06-23 11:49:36] [DETECT] Virus signature detected: ODYSSEY_VIRUS_2025_NTC in sample_ODYSSEY_ENCRYPTED.txt
[2025-06-23 11:49:36] [DETECT] Encrypted content indicators: 9 found in sample_ODYSSEY_ENCRYPTED.txt
[2025-06-23 11:49:36] [DETECT] Odyssey infection marker found - analyzing...
[2025-06-23 11:49:36] [INFO]    Virus Signature: ODYSSEY_VIRUS_2025_NTC
[2025-06-23 11:49:36] [INFO]    Virus Version: 2.1_EDUCATIONAL
[2025-06-23 11:49:36] [INFO]    Infection Time: 2025-06-23T11:19:37.918759
[2025-06-23 11:49:36] [INFO]    Behavior: File replacement simulation
[2025-06-23 11:49:36] [INFO]    Files Processed: 1
[2025-06-23 11:49:36] [INFO]    Files Replaced: 1
[2025-06-23 11:49:36] [INFO]    Encryption Operations: 1
[2025-06-23 11:49:36] [INFO]    Document Types Infected: ['.txt']
[2025-06-23 11:49:36] [INFO]    Original Files Deleted: True
[2025-06-23 11:49:36] [INFO]    File Replacement: True
[2025-06-23 11:49:36] [CRYPTO] Analyzing Odyssey encrypted payload...
[2025-06-23 11:49:36] [SUCCESS] Successfully decrypted Odyssey virus payload:
[2025-06-23 11:49:36] [INFO]    Virus Name: Odyssey Virus
[2025-06-23 11:49:36] [INFO]    Version: 2.1_EDUCATIONAL
[2025-06-23 11:49:36] [INFO]    Institution: National Teachers College
[2025-06-23 11:49:36] [INFO]    Behavioral Changes:
[2025-06-23 11:49:36] [INFO]      File Deletion: True
[2025-06-23 11:49:36] [INFO]      File Replacement: True
[2025-06-23 11:49:36] [INFO]      Realistic Simulation: True
[2025-06-23 11:49:36] [INFO]    Files Replaced: 1
[2025-06-23 11:49:36] [SUCCESS] Scan completed in 0.92 seconds
[2025-06-23 11:49:36] [INFO] Scan Statistics:
[2025-06-23 11:49:36] [INFO]    Files scanned: 12
[2025-06-23 11:49:36] [INFO]    Encrypted files found: 2
[2025-06-23 11:49:36] [INFO]    Infected files found: 0
[2025-06-23 11:49:36] [INFO]    Artifacts found: 10
[2025-06-23 11:49:36] [INFO]    Threats detected: 47
[2025-06-23 11:49:43] [REMOVE] Starting comprehensive Odyssey virus removal...
[2025-06-23 11:49:43] [REMOVE] Focus: Encrypted file recovery and artifact cleanup
[2025-06-23 11:49:43] [INFO] Step 1: Processing infection manifest and cleaning infected files...
[2025-06-23 11:49:43] [INFO] Processing infection manifest: 1 entries
[2025-06-23 11:49:43] [WARN] Infected file not found: sample.txt
[2025-06-23 11:49:43] [INFO] Removed infection manifest
[2025-06-23 11:49:43] [INFO] Step 2: Processing encryption manifest and recovering encrypted files...
[2025-06-23 11:49:43] [INFO] Processing encryption manifest: 1 entries
[2025-06-23 11:49:43] [INFO] Processing encrypted file: sample_ODYSSEY_ENCRYPTED.txt
[2025-06-23 11:49:43] [INFO]   Original: sample.txt (.txt)
[2025-06-23 11:49:43] [CRYPTO] Decrypted: sample_ODYSSEY_ENCRYPTED.txt -> sample_RECOVERED.txt
[2025-06-23 11:49:43] [CRYPTO] Document recovered: sample.txt (.txt)
[2025-06-23 11:49:43] [INFO] Removed encrypted file: sample_ODYSSEY_ENCRYPTED.txt
[2025-06-23 11:49:43] [INFO] Removed encryption manifest
[2025-06-23 11:49:43] [INFO] Step 3: Restoring temporarily locked files...
[2025-06-23 11:49:43] [INFO] Step 4: Cleaning virus artifacts...
[2025-06-23 11:49:43] [REMOVE] Removed artifact: .odyssey_infection_marker
[2025-06-23 11:49:43] [REMOVE] Removed artifact: odyssey_encrypted_payload.dat
[2025-06-23 11:49:43] [SUCCESS] Removal completed in 0.12 seconds
[2025-06-23 11:49:43] [INFO] Recovery Statistics:
[2025-06-23 11:49:43] [INFO]    Infected files processed: 0
[2025-06-23 11:49:43] [INFO]    Files cleaned: 0
[2025-06-23 11:49:43] [INFO]    Encrypted files processed: 1
[2025-06-23 11:49:43] [INFO]    Files decrypted: 1
[2025-06-23 11:49:43] [INFO]    Documents recovered: 1
[2025-06-23 11:49:43] [INFO]    Word documents recovered: 0
[2025-06-23 11:49:43] [INFO]    Content recovered: 1
[2025-06-23 11:49:43] [INFO]    Files restored: 0
[2025-06-23 11:49:43] [INFO]    Artifacts removed: 2
[2025-06-23 11:49:43] [INFO] NOTE: Original files were deleted by virus - only recovered content and cleaned files available
