
═══════════════════════════════════════════════════════════════════
ODYSSEY EDUCATIONAL VIRUS - ACTIVITY LOG
═══════════════════════════════════════════════════════════════════
Virus Signature: ODYSSEY_VIRUS_2025_NTC
Version: 1.0_EDUCATIONAL_ROT13
Institution: National Teachers College
Execution Started: 2025-06-23 03:28:37
Encryption Algorithm: ROT13
Target Environment: odyssey_test_environment
═══════════════════════════════════════════════════════════════════

[2025-06-23 03:28:37] [INFO] Odyssey virus logging system initialized
[2025-06-23 03:28:45] [INFO] Safety verification completed successfully
[2025-06-23 03:28:45] [INFO] Creating educational test environment
[2025-06-23 03:28:45] [INFO] Created target directory: odyssey_test_environment
[2025-06-23 03:28:45] [INFO] Created educational file: student_notes.txt
[2025-06-23 03:28:45] [INFO] Created educational file: research_data.csv
[2025-06-23 03:28:45] [INFO] Created educational file: assignment_instructions.md
[2025-06-23 03:28:45] [INFO] Created educational file: lab_report.doc
[2025-06-23 03:28:45] [INFO] Educational test environment setup completed
[2025-06-23 03:28:45] [CRYPTO] Initiating file encryption simulation
[2025-06-23 03:28:45] [CRYPTO] Encrypted file: assignment_instructions.md -> assignment_instructions_ODYSSEY_ENCRYPTED.md
[2025-06-23 03:28:45] [CRYPTO] Encrypted file: lab_report.doc -> lab_report_ODYSSEY_ENCRYPTED.doc
[2025-06-23 03:28:45] [CRYPTO] Encrypted file: research_data.csv -> research_data_ODYSSEY_ENCRYPTED.csv
[2025-06-23 03:28:45] [CRYPTO] Encrypted file: student_notes.txt -> student_notes_ODYSSEY_ENCRYPTED.txt
[2025-06-23 03:28:45] [CRYPTO] Encryption manifest saved: 4 entries
[2025-06-23 03:28:45] [INFO] File encryption simulation completed: 4 files processed
[2025-06-23 03:28:45] [INFO] Displaying educational popup messages
[2025-06-23 03:28:52] [INFO] Displayed educational message 1: Odyssex Educational Viruus - Cybersecurity Learning Project
[2025-06-23 03:28:56] [INFO] Displayed educational message 2: ROT13 Encrxption Demonstration - Academic Purposes Only
[2025-06-23 03:28:58] [INFO] Displayed educational message 3: National Teachers College - Hybrsecurity Exercise
[2025-06-23 03:28:59] [CRYPTO] Generating encrypted virus payload
[2025-06-23 03:28:59] [CRYPTO] Encrypted payload generated: odyssey_encrypted_payload.dat
[2025-06-23 03:28:59] [INFO] Simulating file manipulation behaviors
[2025-06-23 03:28:59] [INFO] Temporarily locked file: student_notes.txt
[2025-06-23 03:28:59] [INFO] Temporarily locked file: student_notes_ODYSSEY_ENCRYPTED.txt
[2025-06-23 03:28:59] [INFO] Simulating file processing (3 seconds)...
[2025-06-23 03:29:02] [INFO] Restored file: student_notes.txt
[2025-06-23 03:29:02] [INFO] Restored file: student_notes_ODYSSEY_ENCRYPTED.txt
[2025-06-23 03:29:02] [INFO] File manipulation simulation completed
[2025-06-23 03:29:02] [INFO] Creating infection marker
[2025-06-23 03:29:02] [INFO] Infection marker created successfully
[2025-06-23 03:29:02] [INFO] Odyssey educational virus simulation completed successfully
